May 08 23:18:29 [info] SELECT version FROM schema_migrations
May 08 23:18:29 [info] SELECT version FROM schema_migrations
May 08 23:18:29 [info] SELECT version FROM schema_migrations
May 08 23:18:29 [info] SHOW FULL COLUMNS FROM `users` LIKE 'password'
May 08 23:18:29 [info] ALTER TABLE `users` CHANGE `password` `password` varchar(128)
May 08 23:18:29 [info] ALTER TABLE `users` ADD `roles` varchar(128)
May 08 23:18:30 [info] ALTER TABLE `users` ADD `created_at` datetime
May 08 23:18:30 [info] ALTER TABLE `users` ADD `updated_at` datetime
May 08 23:18:30 [info] INSERT INTO users (username, password, roles, created_at, updated_at) VALUES ('mr.admin','5FZ2Z8QIkA7UTZ4BYkoC+GsReLf569mSKDsfods6LYQ8t+a8EW9oaircfMpmaLbPBh4FOBiiFyLfuZmTSUwzZg==','ROLE_ADMIN', NOW(), NOW())
May 08 23:18:30 [info] INSERT INTO users (username, password, roles, created_at, updated_at) VALUES ('local','5FZ2Z8QIkA7UTZ4BYkoC+GsReLf569mSKDsfods6LYQ8t+a8EW9oaircfMpmaLbPBh4FOBiiFyLfuZmTSUwzZg==','ROLE_USER', NOW(), NOW())
May 08 23:18:30 [info] INSERT INTO schema_migrations (version) VALUES ('20140509025311')
Jun 20 15:19:57 [info] CREATE TABLE `schema_migrations` (
`version` varchar(255))  DEFAULT CHARSET=utf8;
Jun 20 15:19:57 [info] CREATE UNIQUE INDEX idx_schema_migrations_version ON `schema_migrations`(`version`)
Jun 20 15:19:57 [info] SELECT version FROM schema_migrations
Jun 20 15:19:57 [info] SELECT version FROM schema_migrations
Jun 20 15:19:57 [info] SELECT version FROM schema_migrations
Jun 20 15:19:57 [info] CREATE TABLE `users` (
`id` int(11) UNSIGNED auto_increment NOT NULL,
`username` varchar(64),
`password` varchar(64),
 PRIMARY KEY (`id`)) Engine=InnoDB DEFAULT CHARSET=utf8;
Jun 20 15:19:57 [info] INSERT INTO schema_migrations (version) VALUES ('20140507040410')
Jun 20 15:19:57 [info] SHOW FULL COLUMNS FROM `users` LIKE 'password'
Jun 20 15:19:57 [info] ALTER TABLE `users` CHANGE `password` `password` varchar(128)
Jun 20 15:19:58 [info] ALTER TABLE `users` ADD `roles` varchar(128)
Jun 20 15:19:58 [info] ALTER TABLE `users` ADD `created_at` datetime
Jun 20 15:19:58 [info] ALTER TABLE `users` ADD `updated_at` datetime
Jun 20 15:19:58 [info] INSERT INTO users (username, password, roles, created_at, updated_at) VALUES ('mr.admin','5FZ2Z8QIkA7UTZ4BYkoC+GsReLf569mSKDsfods6LYQ8t+a8EW9oaircfMpmaLbPBh4FOBiiFyLfuZmTSUwzZg==','ROLE_ADMIN', NOW(), NOW());
Jun 20 15:19:58 [info] INSERT INTO users (username, password, roles, created_at, updated_at) VALUES ('local','5FZ2Z8QIkA7UTZ4BYkoC+GsReLf569mSKDsfods6LYQ8t+a8EW9oaircfMpmaLbPBh4FOBiiFyLfuZmTSUwzZg==','ROLE_USER', NOW(), NOW());
Jun 20 15:19:58 [info] INSERT INTO schema_migrations (version) VALUES ('20140509025311')
